Flutter crash report.
Please report a bug at https://github.com/flutter/flutter/issues.

## command

flutter run

## exception

_CastError: Null check operator used on a null value

```
#0      _reloadDeviceSources (package:flutter_tools/src/run_hot.dart:1216:45)
#1      _defaultReloadSourcesHelper (package:flutter_tools/src/run_hot.dart:1160:71)
#2      HotRunner._reloadSources (package:flutter_tools/src/run_hot.dart:922:64)
<asynchronous suspension>
#3      HotRunner._hotReloadHelper (package:flutter_tools/src/run_hot.dart:830:16)
<asynchronous suspension>
#4      HotRunner.restart (package:flutter_tools/src/run_hot.dart:725:36)
<asynchronous suspension>
#5      TerminalHandler._commonTerminalInputHandler (package:flutter_tools/src/resident_runner.dart:1707:40)
<asynchronous suspension>
#6      TerminalHandler.processTerminalInput (package:flutter_tools/src/resident_runner.dart:1760:7)
<asynchronous suspension>
```

## flutter doctor

```
[32m[✓][39m Flutter (Channel stable, 3.7.9, on macOS 13.3.1 22E772610a darwin-arm64, locale tr-TR)
    [32m•[39m Flutter version 3.7.9 on channel stable at /Users/sudeilaydaozkara/development/flutter
    [32m•[39m Upstream repository https://github.com/flutter/flutter.git
    [32m•[39m Framework revision 62bd79521d (5 months ago), 2023-03-30 10:59:36 -0700
    [32m•[39m Engine revision ec975089ac
    [32m•[39m Dart version 2.19.6
    [32m•[39m DevTools version 2.20.1

[32m[✓][39m Android toolchain - develop for Android devices (Android SDK version 33.0.2)
    [32m•[39m Android SDK at /Users/sudeilaydaozkara/Library/Android/sdk
    [32m•[39m Platform android-33, build-tools 33.0.2
    [32m•[39m Java binary at: /Applications/Android Studio.app/Contents/jbr/Contents/Home/bin/java
    [32m•[39m Java version OpenJDK Runtime Environment (build 11.0.15+0-b2043.56-8887301)
    [32m•[39m All Android licenses accepted.

[32m[✓][39m Xcode - develop for iOS and macOS (Xcode 14.3.1)
    [32m•[39m Xcode at /Applications/Xcode.app/Contents/Developer
    [32m•[39m Build 14E300c
    [32m•[39m CocoaPods version 1.12.1

[32m[✓][39m Chrome - develop for the web
    [32m•[39m Chrome at /Applications/Google Chrome.app/Contents/MacOS/Google Chrome

[32m[✓][39m Android Studio (version 2022.1)
    [32m•[39m Android Studio at /Applications/Android Studio.app/Contents
    [32m•[39m Flutter plugin can be installed from:
      🔨 https://plugins.jetbrains.com/plugin/9212-flutter
    [32m•[39m Dart plugin can be installed from:
      🔨 https://plugins.jetbrains.com/plugin/6351-dart
    [32m•[39m Java version OpenJDK Runtime Environment (build 11.0.15+0-b2043.56-8887301)

[32m[✓][39m VS Code (version 1.76.1)
    [32m•[39m VS Code at /Users/sudeilaydaozkara/Downloads/Visual Studio Code.app/Contents
    [32m•[39m Flutter extension version 3.70.0

[32m[✓][39m VS Code (version 1.81.1)
    [32m•[39m VS Code at /Users/sudeilaydaozkara/Desktop/Visual Studio Code.app/Contents
    [32m•[39m Flutter extension version 3.70.0

[32m[✓][39m Connected device (3 available)
    [32m•[39m iPhone 14 (mobile) • 60BBDFCA-DF9B-4AD1-B389-98F91EF8E8F6 • ios            •
      com.apple.CoreSimulator.SimRuntime.iOS-16-4 (simulator)
    [32m•[39m macOS (desktop)    • macos                                • darwin-arm64   • macOS 13.3.1 22E772610a
      darwin-arm64
    [32m•[39m Chrome (web)       • chrome                               • web-javascript • Google Chrome
      115.0.5790.170

[32m[✓][39m HTTP Host Availability
    [32m•[39m All required HTTP hosts are available

[32m•[39m No issues found!
```
